

Started GET "/" for ::1 at 2015-01-18 23:18:44 -0700
Processing by PagesController#home as HTML
  Rendered pages/home.html.erb within layouts/application (1.4ms)
Completed 200 OK in 428ms (Views: 419.2ms | ActiveRecord: 0.0ms)


Started GET "/assets/application-823e88bf1231c4323ee1d35731d8f1b6.css?body=1" for ::1 at 2015-01-18 23:18:45 -0700


Started GET "/assets/pages-069e88c06b889877799890854d7f4c40.css?body=1" for ::1 at 2015-01-18 23:18:45 -0700


Started GET "/" for ::1 at 2015-01-18 23:24:01 -0700
Processing by PagesController#home as HTML
  Rendered pages/home.html.erb within layouts/application (0.9ms)
Completed 200 OK in 4457ms (Views: 4449.8ms | ActiveRecord: 0.0ms)


Started GET "/assets/pages-069e88c06b889877799890854d7f4c40.css?body=1" for ::1 at 2015-01-18 23:24:06 -0700


Started GET "/assets/jquery-eb3e278249152b5b5d5170b73d9dbf52.js?body=1" for ::1 at 2015-01-18 23:24:06 -0700


Started GET "/assets/jquery_ujs-0b8f09cf5aec4ba1be1abd9f915c77e2.js?body=1" for ::1 at 2015-01-18 23:24:06 -0700


Started GET "/assets/application-c51551f704bf3082e9450c4664976f24.css?body=1" for ::1 at 2015-01-18 23:24:06 -0700


Started GET "/assets/foundation/foundation.alert-650042c6860b24bb872463c8b3f8aa8c.js?body=1" for ::1 at 2015-01-18 23:24:06 -0700


Started GET "/assets/vendor/modernizr-d804d6b1ab4eadb8fb48af61a74096e6.js?body=1" for ::1 at 2015-01-18 23:24:06 -0700


Started GET "/assets/foundation/foundation.accordion-3d04bf508a9418fdc81cd5c7d0a1c49d.js?body=1" for ::1 at 2015-01-18 23:24:06 -0700


Started GET "/assets/pages-520f000de9c4179bc5a11504b602dff1.js?body=1" for ::1 at 2015-01-18 23:24:06 -0700


Started GET "/assets/foundation-d72e2180e40189136db6ab13d1e7ceae.js?body=1" for ::1 at 2015-01-18 23:24:06 -0700


Started GET "/assets/turbolinks-924184401b7d116eadaaefc96895fa84.js?body=1" for ::1 at 2015-01-18 23:24:06 -0700


Started GET "/assets/foundation/foundation.equalizer-2426b7ac654d73d1baf2fddfb072f8a5.js?body=1" for ::1 at 2015-01-18 23:24:06 -0700


Started GET "/" for ::1 at 2015-01-18 23:47:43 -0700
Processing by PagesController#home as HTML
  Rendered pages/home.html.erb within layouts/application (0.9ms)
Completed 200 OK in 245ms (Views: 238.0ms | ActiveRecord: 0.0ms)


Started GET "/assets/foundation_and_overrides-956851ad74b4019d3e40fece236697d7.css?body=1" for ::1 at 2015-01-18 23:47:43 -0700


Started GET "/assets/jquery-eb3e278249152b5b5d5170b73d9dbf52.js?body=1" for ::1 at 2015-01-18 23:47:43 -0700


Started GET "/assets/pages-069e88c06b889877799890854d7f4c40.css?body=1" for ::1 at 2015-01-18 23:47:43 -0700


Started GET "/assets/vendor/modernizr-d804d6b1ab4eadb8fb48af61a74096e6.js?body=1" for ::1 at 2015-01-18 23:47:43 -0700


Started GET "/assets/application-c51551f704bf3082e9450c4664976f24.css?body=1" for ::1 at 2015-01-18 23:47:43 -0700


Started GET "/assets/jquery_ujs-0b8f09cf5aec4ba1be1abd9f915c77e2.js?body=1" for ::1 at 2015-01-18 23:47:43 -0700


Started GET "/assets/foundation/foundation-ece7e00cdd054357f30fbc2a5a4e3c30.js?body=1" for ::1 at 2015-01-18 23:47:43 -0700


Started GET "/assets/foundation/foundation.accordion-3d04bf508a9418fdc81cd5c7d0a1c49d.js?body=1" for ::1 at 2015-01-18 23:47:43 -0700


Started GET "/assets/foundation/foundation.clearing-0aec5bed7e891190d8a008ce5d7315e7.js?body=1" for ::1 at 2015-01-18 23:47:43 -0700


Started GET "/assets/foundation/foundation.interchange-51c1f69e58ac915261c2f19939a6ffc8.js?body=1" for ::1 at 2015-01-18 23:47:43 -0700


Started GET "/assets/foundation/foundation.magellan-03b9c678f8797176264e917ce34331bd.js?body=1" for ::1 at 2015-01-18 23:47:43 -0700


Started GET "/assets/foundation/foundation.orbit-20cb4e9c7259b06ea11dbe71f058f502.js?body=1" for ::1 at 2015-01-18 23:47:43 -0700


Started GET "/assets/foundation/foundation.abide-2ec530cd06c78b471a0bda9dcbaba353.js?body=1" for ::1 at 2015-01-18 23:47:43 -0700


Started GET "/assets/foundation/foundation.alert-650042c6860b24bb872463c8b3f8aa8c.js?body=1" for ::1 at 2015-01-18 23:47:43 -0700


Started GET "/assets/foundation/foundation.dropdown-51a6f3e403182c0631c04b4ed672b6aa.js?body=1" for ::1 at 2015-01-18 23:47:43 -0700


Started GET "/assets/foundation/foundation.joyride-8b61d0d3ff7ac6df603f7309d3a86fb9.js?body=1" for ::1 at 2015-01-18 23:47:43 -0700


Started GET "/assets/foundation/foundation.offcanvas-29588b3b2cc818691e87dc5dcd2cf2d2.js?body=1" for ::1 at 2015-01-18 23:47:43 -0700


Started GET "/assets/foundation/foundation.reveal-dcfe4d3df1f6f19988ff7e6a27a9f5cb.js?body=1" for ::1 at 2015-01-18 23:47:43 -0700


Started GET "/assets/foundation/foundation.slider-02784fa4e40cec8a79e0cd398154fe13.js?body=1" for ::1 at 2015-01-18 23:47:43 -0700


Started GET "/assets/foundation/foundation.tooltip-11a5f22deb5107bd8d056a4a92547d92.js?body=1" for ::1 at 2015-01-18 23:47:43 -0700


Started GET "/assets/foundation/foundation.equalizer-2426b7ac654d73d1baf2fddfb072f8a5.js?body=1" for ::1 at 2015-01-18 23:47:43 -0700


Started GET "/assets/turbolinks-924184401b7d116eadaaefc96895fa84.js?body=1" for ::1 at 2015-01-18 23:47:43 -0700


Started GET "/assets/application-d9bd4d34014c63190efc4e56b3021933.js?body=1" for ::1 at 2015-01-18 23:47:43 -0700


Started GET "/assets/foundation/foundation.tab-e1ee77678dc79b9e0325d678cdbcc0b9.js?body=1" for ::1 at 2015-01-18 23:47:43 -0700


Started GET "/assets/foundation/foundation.topbar-03679c9351cf106176ad8fcf9726843d.js?body=1" for ::1 at 2015-01-18 23:47:43 -0700


Started GET "/assets/foundation-d72e2180e40189136db6ab13d1e7ceae.js?body=1" for ::1 at 2015-01-18 23:47:43 -0700


Started GET "/assets/pages-520f000de9c4179bc5a11504b602dff1.js?body=1" for ::1 at 2015-01-18 23:47:43 -0700
